0 verbose cli C:\Program Files\nodejs\node.exe C:\Program Files\nodejs\node_modules\npm\bin\npm-cli.js
1 info using npm@11.6.2
2 info using node@v24.13.0
3 silly config load:file:C:\Program Files\nodejs\node_modules\npm\npmrc
4 silly config load:file:G:\AI_project\Career-Hero\.npmrc
5 silly config load:file:C:\Users\sunshine\.npmrc
6 silly config load:file:C:\Users\sunshine\AppData\Roaming\npm\etc\npmrc
7 verbose title npm exec @railway/cli --version
8 verbose argv "exec" "--" "@railway/cli" "--version"
9 verbose logfile logs-max:10 dir:g:\AI_project\Career-Hero\.npm-cache\_logs\2026-02-12T10_17_01_580Z-
10 verbose logfile g:\AI_project\Career-Hero\.npm-cache\_logs\2026-02-12T10_17_01_580Z-debug-0.log
11 silly logfile done cleaning log files
12 silly packumentCache heap:4496293888 maxSize:1124073472 maxEntrySize:562036736
13 verbose shrinkwrap failed to load node_modules/.package-lock.json out of date, updated: ai-resume-builder
14 http fetch GET 200 https://registry.npmjs.org/npm 681ms
15 http fetch GET https://registry.npmjs.org/@railway%2fcli attempt 1 failed with ECONNRESET
16 http fetch GET 200 https://registry.npmjs.org/@railway%2fcli 15394ms attempt #2 (cache miss)
17 verbose type system
18 verbose stack FetchError: Invalid response body while trying to fetch https://registry.npmjs.org/@railway%2fcli: EPERM: operation not permitted, unlink 'g:\AI_project\Career-Hero\.npm-cache\_cacache\tmp\a1c49274'
18 verbose stack     at C:\Program Files\nodejs\node_modules\npm\node_modules\minipass-fetch\lib\body.js:170:15
18 verbose stack     at async Response.json (C:\Program Files\nodejs\node_modules\npm\node_modules\minipass-fetch\lib\body.js:75:17)
18 verbose stack     at async RegistryFetcher.packument (C:\Program Files\nodejs\node_modules\npm\node_modules\pacote\lib\registry.js:98:25)
18 verbose stack     at async RegistryFetcher.manifest (C:\Program Files\nodejs\node_modules\npm\node_modules\pacote\lib\registry.js:128:23)
18 verbose stack     at async getManifest (C:\Program Files\nodejs\node_modules\npm\node_modules\libnpmexec\lib\index.js:29:22)
18 verbose stack     at async missingFromTree (C:\Program Files\nodejs\node_modules\npm\node_modules\libnpmexec\lib\index.js:64:22)
18 verbose stack     at async C:\Program Files\nodejs\node_modules\npm\node_modules\libnpmexec\lib\index.js:186:32
18 verbose stack     at async Promise.all (index 0)
18 verbose stack     at async exec (C:\Program Files\nodejs\node_modules\npm\node_modules\libnpmexec\lib\index.js:184:3)
18 verbose stack     at async Npm.exec (C:\Program Files\nodejs\node_modules\npm\lib\npm.js:208:9)
19 error code EPERM
20 error syscall unlink
21 error path g:\AI_project\Career-Hero\.npm-cache\_cacache\tmp\a1c49274
22 error errno EPERM
23 error FetchError: Invalid response body while trying to fetch https://registry.npmjs.org/@railway%2fcli: EPERM: operation not permitted, unlink 'g:\AI_project\Career-Hero\.npm-cache\_cacache\tmp\a1c49274'
23 error     at C:\Program Files\nodejs\node_modules\npm\node_modules\minipass-fetch\lib\body.js:170:15
23 error     at async Response.json (C:\Program Files\nodejs\node_modules\npm\node_modules\minipass-fetch\lib\body.js:75:17)
23 error     at async RegistryFetcher.packument (C:\Program Files\nodejs\node_modules\npm\node_modules\pacote\lib\registry.js:98:25)
23 error     at async RegistryFetcher.manifest (C:\Program Files\nodejs\node_modules\npm\node_modules\pacote\lib\registry.js:128:23)
23 error     at async getManifest (C:\Program Files\nodejs\node_modules\npm\node_modules\libnpmexec\lib\index.js:29:22)
23 error     at async missingFromTree (C:\Program Files\nodejs\node_modules\npm\node_modules\libnpmexec\lib\index.js:64:22)
23 error     at async C:\Program Files\nodejs\node_modules\npm\node_modules\libnpmexec\lib\index.js:186:32
23 error     at async Promise.all (index 0)
23 error     at async exec (C:\Program Files\nodejs\node_modules\npm\node_modules\libnpmexec\lib\index.js:184:3)
23 error     at async Npm.exec (C:\Program Files\nodejs\node_modules\npm\lib\npm.js:208:9) {
23 error   code: 'EPERM',
23 error   errno: 'EPERM',
23 error   syscall: 'unlink',
23 error   path: 'g:\\AI_project\\Career-Hero\\.npm-cache\\_cacache\\tmp\\a1c49274',
23 error   type: 'system'
23 error }
24 error
24 error The operation was rejected by your operating system.
24 error It's possible that the file was already in use (by a text editor or antivirus),
24 error or that you lack permissions to access it.
24 error
24 error If you believe this might be a permissions issue, please double-check the
24 error permissions of the file and its containing directories, or try running
24 error the command again as root/Administrator.
25 verbose cwd G:\AI_project\Career-Hero
26 verbose os Windows_NT 10.0.19045
27 verbose node v24.13.0
28 verbose npm  v11.6.2
29 notice
29 notice New minor version of npm available! 11.6.2 -> 11.10.0
29 notice Changelog: https://github.com/npm/cli/releases/tag/v11.10.0
29 notice To update run: npm install -g npm@11.10.0
29 notice  { force: true, Symbol(proc-log.meta): true }
30 verbose exit 1
31 verbose code 1
32 error A complete log of this run can be found in: g:\AI_project\Career-Hero\.npm-cache\_logs\2026-02-12T10_17_01_580Z-debug-0.log
